This file contains any messages produced by compilers while
running configure, to aid debugging if configure makes a mistake.

It was created by tulip configure 2, which was
generated by GNU Autoconf 2.69.  Invocation command line was

  $ ./configure --prefix=/home/koehenri CXXFLAGS=-I/home/koehenri/include LDFLAGS=-L/home/koehenri/lib --no-create --no-recursion

## --------- ##
## Platform. ##
## --------- ##

hostname = dx4-flkl-07
uname -m = x86_64
uname -r = 3.13.0-45-generic
uname -s = Linux
uname -v = #74-Ubuntu SMP Tue Jan 13 19:36:28 UTC 2015

/usr/bin/uname -p = unknown
/bin/uname -X     = unknown

/bin/arch              = unknown
/usr/bin/arch -k       = unknown
/usr/convex/getsysinfo = unknown
/usr/bin/hostinfo      = unknown
/bin/machine           = unknown
/usr/bin/oslevel       = unknown
/bin/universe          = unknown

PATH: /home/koehenri/go/bin
PATH: /home/koehenri/gpaw/build/bin.linux-x86_64-2.7
PATH: /home/koehenri/gpaw/tools
PATH: /home/koehenri/ase/tools
PATH: .
PATH: /home/koehenri/bin
PATH: /home/koehenri/bin
PATH: /usr/local/sbin
PATH: /usr/local/bin
PATH: /usr/sbin
PATH: /usr/bin
PATH: /sbin
PATH: /bin
PATH: /usr/games
PATH: /usr/local/games
PATH: /home/koehenri/FullProf_Suite


## ----------- ##
## Core tests. ##
## ----------- ##

configure:2206: checking for a BSD-compatible install
configure:2274: result: /usr/bin/install -c
configure:2285: checking whether build environment is sane
configure:2340: result: yes
configure:2491: checking for a thread-safe mkdir -p
configure:2530: result: /bin/mkdir -p
configure:2537: checking for gawk
configure:2553: found /usr/bin/gawk
configure:2564: result: gawk
configure:2575: checking whether make sets $(MAKE)
configure:2597: result: yes
configure:2626: checking whether make supports nested variables
configure:2643: result: yes
configure:2828: checking for g++
configure:2844: found /usr/bin/g++
configure:2855: result: g++
configure:2882: checking for C++ compiler version
configure:2891: g++ --version >&5
g++ (Ubuntu 4.8.2-19ubuntu1) 4.8.2
Copyright (C) 2013 Free Software Foundation, Inc.
This is free software; see the source for copying conditions.  There is NO
warranty; not even for MERCHANTABILITY or FITNESS FOR A PARTICULAR PURPOSE.

configure:2902: $? = 0
configure:2891: g++ -v >&5
Using built-in specs.
COLLECT_GCC=g++
COLLECT_LTO_WRAPPER=/usr/lib/gcc/x86_64-linux-gnu/4.8/lto-wrapper
Target: x86_64-linux-gnu
Configured with: ../src/configure -v --with-pkgversion='Ubuntu 4.8.2-19ubuntu1' --with-bugurl=file:///usr/share/doc/gcc-4.8/README.Bugs --enable-languages=c,c++,java,go,d,fortran,objc,obj-c++ --prefix=/usr --program-suffix=-4.8 --enable-shared --enable-linker-build-id --libexecdir=/usr/lib --without-included-gettext --enable-threads=posix --with-gxx-include-dir=/usr/include/c++/4.8 --libdir=/usr/lib --enable-nls --with-sysroot=/ --enable-clocale=gnu --enable-libstdcxx-debug --enable-libstdcxx-time=yes --enable-gnu-unique-object --disable-libmudflap --enable-plugin --with-system-zlib --disable-browser-plugin --enable-java-awt=gtk --enable-gtk-cairo --with-java-home=/usr/lib/jvm/java-1.5.0-gcj-4.8-amd64/jre --enable-java-home --with-jvm-root-dir=/usr/lib/jvm/java-1.5.0-gcj-4.8-amd64 --with-jvm-jar-dir=/usr/lib/jvm-exports/java-1.5.0-gcj-4.8-amd64 --with-arch-directory=amd64 --with-ecj-jar=/usr/share/java/eclipse-ecj.jar --enable-objc-gc --enable-multiarch --disable-werror --with-arch-32=i686 --with-abi=m64 --with-multilib-list=m32,m64,mx32 --with-tune=generic --enable-checking=release --build=x86_64-linux-gnu --host=x86_64-linux-gnu --target=x86_64-linux-gnu
Thread model: posix
gcc version 4.8.2 (Ubuntu 4.8.2-19ubuntu1) 
configure:2902: $? = 0
configure:2891: g++ -V >&5
g++: error: unrecognized command line option '-V'
g++: fatal error: no input files
compilation terminated.
configure:2902: $? = 4
configure:2891: g++ -qversion >&5
g++: error: unrecognized command line option '-qversion'
g++: fatal error: no input files
compilation terminated.
configure:2902: $? = 4
configure:2922: checking whether the C++ compiler works
configure:2944: g++ -I/home/koehenri/include  -L/home/koehenri/lib conftest.cpp  >&5
configure:2948: $? = 0
configure:2996: result: yes
configure:2999: checking for C++ compiler default output file name
configure:3001: result: a.out
configure:3007: checking for suffix of executables
configure:3014: g++ -o conftest -I/home/koehenri/include  -L/home/koehenri/lib conftest.cpp  >&5
configure:3018: $? = 0
configure:3040: result: 
configure:3062: checking whether we are cross compiling
configure:3070: g++ -o conftest -I/home/koehenri/include  -L/home/koehenri/lib conftest.cpp  >&5
configure:3074: $? = 0
configure:3081: ./conftest
configure:3085: $? = 0
configure:3100: result: no
configure:3105: checking for suffix of object files
configure:3127: g++ -c -I/home/koehenri/include  conftest.cpp >&5
configure:3131: $? = 0
configure:3152: result: o
configure:3156: checking whether we are using the GNU C++ compiler
configure:3175: g++ -c -I/home/koehenri/include  conftest.cpp >&5
configure:3175: $? = 0
configure:3184: result: yes
configure:3193: checking whether g++ accepts -g
configure:3213: g++ -c -g  conftest.cpp >&5
configure:3213: $? = 0
configure:3254: result: yes
configure:3288: checking for style of include used by make
configure:3316: result: GNU
configure:3342: checking dependency style of g++
configure:3453: result: gcc3
configure:3520: checking for gcc
configure:3536: found /usr/bin/gcc
configure:3547: result: gcc
configure:3776: checking for C compiler version
configure:3785: gcc --version >&5
gcc (Ubuntu 4.8.2-19ubuntu1) 4.8.2
Copyright (C) 2013 Free Software Foundation, Inc.
This is free software; see the source for copying conditions.  There is NO
warranty; not even for MERCHANTABILITY or FITNESS FOR A PARTICULAR PURPOSE.

configure:3796: $? = 0
configure:3785: gcc -v >&5
Using built-in specs.
COLLECT_GCC=gcc
COLLECT_LTO_WRAPPER=/usr/lib/gcc/x86_64-linux-gnu/4.8/lto-wrapper
Target: x86_64-linux-gnu
Configured with: ../src/configure -v --with-pkgversion='Ubuntu 4.8.2-19ubuntu1' --with-bugurl=file:///usr/share/doc/gcc-4.8/README.Bugs --enable-languages=c,c++,java,go,d,fortran,objc,obj-c++ --prefix=/usr --program-suffix=-4.8 --enable-shared --enable-linker-build-id --libexecdir=/usr/lib --without-included-gettext --enable-threads=posix --with-gxx-include-dir=/usr/include/c++/4.8 --libdir=/usr/lib --enable-nls --with-sysroot=/ --enable-clocale=gnu --enable-libstdcxx-debug --enable-libstdcxx-time=yes --enable-gnu-unique-object --disable-libmudflap --enable-plugin --with-system-zlib --disable-browser-plugin --enable-java-awt=gtk --enable-gtk-cairo --with-java-home=/usr/lib/jvm/java-1.5.0-gcj-4.8-amd64/jre --enable-java-home --with-jvm-root-dir=/usr/lib/jvm/java-1.5.0-gcj-4.8-amd64 --with-jvm-jar-dir=/usr/lib/jvm-exports/java-1.5.0-gcj-4.8-amd64 --with-arch-directory=amd64 --with-ecj-jar=/usr/share/java/eclipse-ecj.jar --enable-objc-gc --enable-multiarch --disable-werror --with-arch-32=i686 --with-abi=m64 --with-multilib-list=m32,m64,mx32 --with-tune=generic --enable-checking=release --build=x86_64-linux-gnu --host=x86_64-linux-gnu --target=x86_64-linux-gnu
Thread model: posix
gcc version 4.8.2 (Ubuntu 4.8.2-19ubuntu1) 
configure:3796: $? = 0
configure:3785: gcc -V >&5
gcc: error: unrecognized command line option '-V'
gcc: fatal error: no input files
compilation terminated.
configure:3796: $? = 4
configure:3785: gcc -qversion >&5
gcc: error: unrecognized command line option '-qversion'
gcc: fatal error: no input files
compilation terminated.
configure:3796: $? = 4
configure:3800: checking whether we are using the GNU C compiler
configure:3819: gcc -c   conftest.c >&5
configure:3819: $? = 0
configure:3828: result: yes
configure:3837: checking whether gcc accepts -g
configure:3857: gcc -c -g  conftest.c >&5
configure:3857: $? = 0
configure:3898: result: yes
configure:3915: checking for gcc option to accept ISO C89
configure:3978: gcc  -c -g -O2  conftest.c >&5
configure:3978: $? = 0
configure:3991: result: none needed
configure:4016: checking whether gcc understands -c and -o together
configure:4038: gcc -c conftest.c -o conftest2.o
configure:4041: $? = 0
configure:4038: gcc -c conftest.c -o conftest2.o
configure:4041: $? = 0
configure:4053: result: yes
configure:4072: checking dependency style of gcc
configure:4183: result: gcc3
configure:4199: checking for sqrt in -lm
configure:4224: gcc -o conftest -g -O2  -L/home/koehenri/lib conftest.c -lm   >&5
conftest.c:18:6: warning: conflicting types for built-in function 'sqrt' [enabled by default]
 char sqrt ();
      ^
configure:4224: $? = 0
configure:4233: result: yes
configure:4244: checking for clock_gettime in -lrt
configure:4269: gcc -o conftest -g -O2  -L/home/koehenri/lib conftest.c -lrt  -lm  >&5
configure:4269: $? = 0
configure:4278: result: yes
configure:4289: checking for spg_get_dataset in -lsymspg
configure:4314: gcc -o conftest -g -O2  -L/home/koehenri/lib conftest.c -lsymspg  -lrt -lm  >&5
/tmp/user/1024151/ccp3VIaD.o: In function `main':
/home/koehenri/bin/src/code-tulip2/conftest.c:24: undefined reference to `spg_get_dataset'
collect2: error: ld returned 1 exit status
configure:4314: $? = 1
configure: failed program was:
| /* confdefs.h */
| #define PACKAGE_NAME "tulip"
| #define PACKAGE_TARNAME "tulip"
| #define PACKAGE_VERSION "2"
| #define PACKAGE_STRING "tulip 2"
| #define PACKAGE_BUGREPORT "krister.henriksson@helsinki.fi"
| #define PACKAGE_URL ""
| #define PACKAGE "tulip"
| #define VERSION "2"
| #define HAVE_LIBM 1
| #define HAVE_LIBRT 1
| /* end confdefs.h.  */
| 
| /* Override any GCC internal prototype to avoid an error.
|    Use char because int might match the return type of a GCC
|    builtin and then its argument prototype would still apply.  */
| #ifdef __cplusplus
| extern "C"
| #endif
| char spg_get_dataset ();
| int
| main ()
| {
| return spg_get_dataset ();
|   ;
|   return 0;
| }
configure:4323: result: no
configure:4334: checking for aborterror in -lutils
configure:4359: gcc -o conftest -g -O2  -L/home/koehenri/lib conftest.c -lutils  -lrt -lm  >&5
/tmp/user/1024151/ccTQOnLF.o: In function `main':
/home/koehenri/bin/src/code-tulip2/conftest.c:24: undefined reference to `aborterror'
collect2: error: ld returned 1 exit status
configure:4359: $? = 1
configure: failed program was:
| /* confdefs.h */
| #define PACKAGE_NAME "tulip"
| #define PACKAGE_TARNAME "tulip"
| #define PACKAGE_VERSION "2"
| #define PACKAGE_STRING "tulip 2"
| #define PACKAGE_BUGREPORT "krister.henriksson@helsinki.fi"
| #define PACKAGE_URL ""
| #define PACKAGE "tulip"
| #define VERSION "2"
| #define HAVE_LIBM 1
| #define HAVE_LIBRT 1
| /* end confdefs.h.  */
| 
| /* Override any GCC internal prototype to avoid an error.
|    Use char because int might match the return type of a GCC
|    builtin and then its argument prototype would still apply.  */
| #ifdef __cplusplus
| extern "C"
| #endif
| char aborterror ();
| int
| main ()
| {
| return aborterror ();
|   ;
|   return 0;
| }
configure:4368: result: no
configure:4379: checking for omp_get_num_threads in -lomp
configure:4404: gcc -o conftest -g -O2  -L/home/koehenri/lib conftest.c -lomp  -lrt -lm  >&5
/usr/bin/ld: cannot find -lomp
collect2: error: ld returned 1 exit status
configure:4404: $? = 1
configure: failed program was:
| /* confdefs.h */
| #define PACKAGE_NAME "tulip"
| #define PACKAGE_TARNAME "tulip"
| #define PACKAGE_VERSION "2"
| #define PACKAGE_STRING "tulip 2"
| #define PACKAGE_BUGREPORT "krister.henriksson@helsinki.fi"
| #define PACKAGE_URL ""
| #define PACKAGE "tulip"
| #define VERSION "2"
| #define HAVE_LIBM 1
| #define HAVE_LIBRT 1
| /* end confdefs.h.  */
| 
| /* Override any GCC internal prototype to avoid an error.
|    Use char because int might match the return type of a GCC
|    builtin and then its argument prototype would still apply.  */
| #ifdef __cplusplus
| extern "C"
| #endif
| char omp_get_num_threads ();
| int
| main ()
| {
| return omp_get_num_threads ();
|   ;
|   return 0;
| }
configure:4413: result: no
configure:4427: checking for inline
configure:4443: gcc -c -g -O2  conftest.c >&5
configure:4443: $? = 0
configure:4451: result: inline
configure:4474: checking how to run the C preprocessor
configure:4505: gcc -E  conftest.c
configure:4505: $? = 0
configure:4519: gcc -E  conftest.c
conftest.c:13:28: fatal error: ac_nonexistent.h: No such file or directory
 #include <ac_nonexistent.h>
                            ^
compilation terminated.
configure:4519: $? = 1
configure: failed program was:
| /* confdefs.h */
| #define PACKAGE_NAME "tulip"
| #define PACKAGE_TARNAME "tulip"
| #define PACKAGE_VERSION "2"
| #define PACKAGE_STRING "tulip 2"
| #define PACKAGE_BUGREPORT "krister.henriksson@helsinki.fi"
| #define PACKAGE_URL ""
| #define PACKAGE "tulip"
| #define VERSION "2"
| #define HAVE_LIBM 1
| #define HAVE_LIBRT 1
| /* end confdefs.h.  */
| #include <ac_nonexistent.h>
configure:4544: result: gcc -E
configure:4564: gcc -E  conftest.c
configure:4564: $? = 0
configure:4578: gcc -E  conftest.c
conftest.c:13:28: fatal error: ac_nonexistent.h: No such file or directory
 #include <ac_nonexistent.h>
                            ^
compilation terminated.
configure:4578: $? = 1
configure: failed program was:
| /* confdefs.h */
| #define PACKAGE_NAME "tulip"
| #define PACKAGE_TARNAME "tulip"
| #define PACKAGE_VERSION "2"
| #define PACKAGE_STRING "tulip 2"
| #define PACKAGE_BUGREPORT "krister.henriksson@helsinki.fi"
| #define PACKAGE_URL ""
| #define PACKAGE "tulip"
| #define VERSION "2"
| #define HAVE_LIBM 1
| #define HAVE_LIBRT 1
| /* end confdefs.h.  */
| #include <ac_nonexistent.h>
configure:4607: checking for grep that handles long lines and -e
configure:4665: result: /bin/grep
configure:4670: checking for egrep
configure:4732: result: /bin/grep -E
configure:4737: checking for ANSI C header files
configure:4757: gcc -c -g -O2  conftest.c >&5
configure:4757: $? = 0
configure:4830: gcc -o conftest -g -O2  -L/home/koehenri/lib conftest.c -lrt -lm  >&5
configure:4830: $? = 0
configure:4830: ./conftest
configure:4830: $? = 0
configure:4841: result: yes
configure:4854: checking for sys/types.h
configure:4854: gcc -c -g -O2  conftest.c >&5
configure:4854: $? = 0
configure:4854: result: yes
configure:4854: checking for sys/stat.h
configure:4854: gcc -c -g -O2  conftest.c >&5
configure:4854: $? = 0
configure:4854: result: yes
configure:4854: checking for stdlib.h
configure:4854: gcc -c -g -O2  conftest.c >&5
configure:4854: $? = 0
configure:4854: result: yes
configure:4854: checking for string.h
configure:4854: gcc -c -g -O2  conftest.c >&5
configure:4854: $? = 0
configure:4854: result: yes
configure:4854: checking for memory.h
configure:4854: gcc -c -g -O2  conftest.c >&5
configure:4854: $? = 0
configure:4854: result: yes
configure:4854: checking for strings.h
configure:4854: gcc -c -g -O2  conftest.c >&5
configure:4854: $? = 0
configure:4854: result: yes
configure:4854: checking for inttypes.h
configure:4854: gcc -c -g -O2  conftest.c >&5
configure:4854: $? = 0
configure:4854: result: yes
configure:4854: checking for stdint.h
configure:4854: gcc -c -g -O2  conftest.c >&5
configure:4854: $? = 0
configure:4854: result: yes
configure:4854: checking for unistd.h
configure:4854: gcc -c -g -O2  conftest.c >&5
configure:4854: $? = 0
configure:4854: result: yes
configure:4866: checking for size_t
configure:4866: gcc -c -g -O2  conftest.c >&5
configure:4866: $? = 0
configure:4866: gcc -c -g -O2  conftest.c >&5
conftest.c: In function 'main':
conftest.c:59:21: error: expected expression before ')' token
 if (sizeof ((size_t)))
                     ^
configure:4866: $? = 1
configure: failed program was:
| /* confdefs.h */
| #define PACKAGE_NAME "tulip"
| #define PACKAGE_TARNAME "tulip"
| #define PACKAGE_VERSION "2"
| #define PACKAGE_STRING "tulip 2"
| #define PACKAGE_BUGREPORT "krister.henriksson@helsinki.fi"
| #define PACKAGE_URL ""
| #define PACKAGE "tulip"
| #define VERSION "2"
| #define HAVE_LIBM 1
| #define HAVE_LIBRT 1
| #define STDC_HEADERS 1
| #define HAVE_SYS_TYPES_H 1
| #define HAVE_SYS_STAT_H 1
| #define HAVE_STDLIB_H 1
| #define HAVE_STRING_H 1
| #define HAVE_MEMORY_H 1
| #define HAVE_STRINGS_H 1
| #define HAVE_INTTYPES_H 1
| #define HAVE_STDINT_H 1
| #define HAVE_UNISTD_H 1
| /* end confdefs.h.  */
| #include <stdio.h>
| #ifdef HAVE_SYS_TYPES_H
| # include <sys/types.h>
| #endif
| #ifdef HAVE_SYS_STAT_H
| # include <sys/stat.h>
| #endif
| #ifdef STDC_HEADERS
| # include <stdlib.h>
| # include <stddef.h>
| #else
| # ifdef HAVE_STDLIB_H
| #  include <stdlib.h>
| # endif
| #endif
| #ifdef HAVE_STRING_H
| # if !defined STDC_HEADERS && defined HAVE_MEMORY_H
| #  include <memory.h>
| # endif
| # include <string.h>
| #endif
| #ifdef HAVE_STRINGS_H
| # include <strings.h>
| #endif
| #ifdef HAVE_INTTYPES_H
| # include <inttypes.h>
| #endif
| #ifdef HAVE_STDINT_H
| # include <stdint.h>
| #endif
| #ifdef HAVE_UNISTD_H
| # include <unistd.h>
| #endif
| int
| main ()
| {
| if (sizeof ((size_t)))
| 	    return 0;
|   ;
|   return 0;
| }
configure:4866: result: yes
configure:4880: checking for stdbool.h that conforms to C99
configure:4947: gcc -c -g -O2  conftest.c >&5
configure:4947: $? = 0
configure:4954: result: yes
configure:4956: checking for _Bool
configure:4956: gcc -c -g -O2  conftest.c >&5
configure:4956: $? = 0
configure:4956: gcc -c -g -O2  conftest.c >&5
conftest.c: In function 'main':
conftest.c:59:20: error: expected expression before ')' token
 if (sizeof ((_Bool)))
                    ^
configure:4956: $? = 1
configure: failed program was:
| /* confdefs.h */
| #define PACKAGE_NAME "tulip"
| #define PACKAGE_TARNAME "tulip"
| #define PACKAGE_VERSION "2"
| #define PACKAGE_STRING "tulip 2"
| #define PACKAGE_BUGREPORT "krister.henriksson@helsinki.fi"
| #define PACKAGE_URL ""
| #define PACKAGE "tulip"
| #define VERSION "2"
| #define HAVE_LIBM 1
| #define HAVE_LIBRT 1
| #define STDC_HEADERS 1
| #define HAVE_SYS_TYPES_H 1
| #define HAVE_SYS_STAT_H 1
| #define HAVE_STDLIB_H 1
| #define HAVE_STRING_H 1
| #define HAVE_MEMORY_H 1
| #define HAVE_STRINGS_H 1
| #define HAVE_INTTYPES_H 1
| #define HAVE_STDINT_H 1
| #define HAVE_UNISTD_H 1
| /* end confdefs.h.  */
| #include <stdio.h>
| #ifdef HAVE_SYS_TYPES_H
| # include <sys/types.h>
| #endif
| #ifdef HAVE_SYS_STAT_H
| # include <sys/stat.h>
| #endif
| #ifdef STDC_HEADERS
| # include <stdlib.h>
| # include <stddef.h>
| #else
| # ifdef HAVE_STDLIB_H
| #  include <stdlib.h>
| # endif
| #endif
| #ifdef HAVE_STRING_H
| # if !defined STDC_HEADERS && defined HAVE_MEMORY_H
| #  include <memory.h>
| # endif
| # include <string.h>
| #endif
| #ifdef HAVE_STRINGS_H
| # include <strings.h>
| #endif
| #ifdef HAVE_INTTYPES_H
| # include <inttypes.h>
| #endif
| #ifdef HAVE_STDINT_H
| # include <stdint.h>
| #endif
| #ifdef HAVE_UNISTD_H
| # include <unistd.h>
| #endif
| int
| main ()
| {
| if (sizeof ((_Bool)))
| 	    return 0;
|   ;
|   return 0;
| }
configure:4956: result: yes
configure:4972: checking for floor
configure:4972: gcc -o conftest -g -O2  -L/home/koehenri/lib conftest.c -lrt -lm  >&5
conftest.c:47:6: warning: conflicting types for built-in function 'floor' [enabled by default]
 char floor ();
      ^
configure:4972: $? = 0
configure:4972: result: yes
configure:4972: checking for pow
configure:4972: gcc -o conftest -g -O2  -L/home/koehenri/lib conftest.c -lrt -lm  >&5
conftest.c:48:6: warning: conflicting types for built-in function 'pow' [enabled by default]
 char pow ();
      ^
configure:4972: $? = 0
configure:4972: result: yes
configure:4972: checking for sqrt
configure:4972: gcc -o conftest -g -O2  -L/home/koehenri/lib conftest.c -lrt -lm  >&5
conftest.c:49:6: warning: conflicting types for built-in function 'sqrt' [enabled by default]
 char sqrt ();
      ^
configure:4972: $? = 0
configure:4972: result: yes
configure:5093: checking that generated files are newer than configure
configure:5099: result: done
configure:5126: creating ./config.status

## ---------------- ##
## Cache variables. ##
## ---------------- ##

ac_cv_c_compiler_gnu=yes
ac_cv_c_inline=inline
ac_cv_cxx_compiler_gnu=yes
ac_cv_env_CCC_set=
ac_cv_env_CCC_value=
ac_cv_env_CC_set=
ac_cv_env_CC_value=
ac_cv_env_CFLAGS_set=
ac_cv_env_CFLAGS_value=
ac_cv_env_CPPFLAGS_set=
ac_cv_env_CPPFLAGS_value=
ac_cv_env_CPP_set=
ac_cv_env_CPP_value=
ac_cv_env_CXXFLAGS_set=set
ac_cv_env_CXXFLAGS_value=-I/home/koehenri/include
ac_cv_env_CXX_set=
ac_cv_env_CXX_value=
ac_cv_env_LDFLAGS_set=set
ac_cv_env_LDFLAGS_value=-L/home/koehenri/lib
ac_cv_env_LIBS_set=
ac_cv_env_LIBS_value=
ac_cv_env_build_alias_set=
ac_cv_env_build_alias_value=
ac_cv_env_host_alias_set=
ac_cv_env_host_alias_value=
ac_cv_env_target_alias_set=
ac_cv_env_target_alias_value=
ac_cv_func_floor=yes
ac_cv_func_pow=yes
ac_cv_func_sqrt=yes
ac_cv_header_inttypes_h=yes
ac_cv_header_memory_h=yes
ac_cv_header_stdbool_h=yes
ac_cv_header_stdc=yes
ac_cv_header_stdint_h=yes
ac_cv_header_stdlib_h=yes
ac_cv_header_string_h=yes
ac_cv_header_strings_h=yes
ac_cv_header_sys_stat_h=yes
ac_cv_header_sys_types_h=yes
ac_cv_header_unistd_h=yes
ac_cv_lib_m_sqrt=yes
ac_cv_lib_omp_omp_get_num_threads=no
ac_cv_lib_rt_clock_gettime=yes
ac_cv_lib_symspg_spg_get_dataset=no
ac_cv_lib_utils_aborterror=no
ac_cv_objext=o
ac_cv_path_EGREP='/bin/grep -E'
ac_cv_path_GREP=/bin/grep
ac_cv_path_install='/usr/bin/install -c'
ac_cv_path_mkdir=/bin/mkdir
ac_cv_prog_AWK=gawk
ac_cv_prog_CPP='gcc -E'
ac_cv_prog_ac_ct_CC=gcc
ac_cv_prog_ac_ct_CXX=g++
ac_cv_prog_cc_c89=
ac_cv_prog_cc_g=yes
ac_cv_prog_cxx_g=yes
ac_cv_prog_make_make_set=yes
ac_cv_type__Bool=yes
ac_cv_type_size_t=yes
am_cv_CC_dependencies_compiler_type=gcc3
am_cv_CXX_dependencies_compiler_type=gcc3
am_cv_make_support_nested_variables=yes
am_cv_prog_cc_c_o=yes

## ----------------- ##
## Output variables. ##
## ----------------- ##

ACLOCAL='${SHELL} /home/koehenri/bin/src/code-tulip2/missing aclocal-1.14'
AMDEPBACKSLASH='\'
AMDEP_FALSE='#'
AMDEP_TRUE=''
AMTAR='$${TAR-tar}'
AM_BACKSLASH='\'
AM_DEFAULT_V='$(AM_DEFAULT_VERBOSITY)'
AM_DEFAULT_VERBOSITY='1'
AM_V='$(V)'
AUTOCONF='${SHELL} /home/koehenri/bin/src/code-tulip2/missing autoconf'
AUTOHEADER='${SHELL} /home/koehenri/bin/src/code-tulip2/missing autoheader'
AUTOMAKE='${SHELL} /home/koehenri/bin/src/code-tulip2/missing automake-1.14'
AWK='gawk'
CC='gcc'
CCDEPMODE='depmode=gcc3'
CFLAGS='-g -O2'
CPP='gcc -E'
CPPFLAGS=''
CXX='g++'
CXXDEPMODE='depmode=gcc3'
CXXFLAGS='-I/home/koehenri/include'
CYGPATH_W='echo'
DEFS='-DHAVE_CONFIG_H'
DEPDIR='.deps'
ECHO_C=''
ECHO_N='-n'
ECHO_T=''
EGREP='/bin/grep -E'
EXEEXT=''
GREP='/bin/grep'
INSTALL_DATA='${INSTALL} -m 644'
INSTALL_PROGRAM='${INSTALL}'
INSTALL_SCRIPT='${INSTALL}'
INSTALL_STRIP_PROGRAM='$(install_sh) -c -s'
LDFLAGS='-L/home/koehenri/lib'
LIBOBJS=''
LIBS='-lrt -lm '
LTLIBOBJS=''
MAKEINFO='${SHELL} /home/koehenri/bin/src/code-tulip2/missing makeinfo'
MKDIR_P='/bin/mkdir -p'
OBJEXT='o'
PACKAGE='tulip'
PACKAGE_BUGREPORT='krister.henriksson@helsinki.fi'
PACKAGE_NAME='tulip'
PACKAGE_STRING='tulip 2'
PACKAGE_TARNAME='tulip'
PACKAGE_URL=''
PACKAGE_VERSION='2'
PATH_SEPARATOR=':'
SET_MAKE=''
SHELL='/bin/bash'
STRIP=''
VERSION='2'
ac_ct_CC='gcc'
ac_ct_CXX='g++'
am__EXEEXT_FALSE=''
am__EXEEXT_TRUE='#'
am__fastdepCC_FALSE='#'
am__fastdepCC_TRUE=''
am__fastdepCXX_FALSE='#'
am__fastdepCXX_TRUE=''
am__include='include'
am__isrc=''
am__leading_dot='.'
am__nodep='_no'
am__quote=''
am__tar='$${TAR-tar} chof - "$$tardir"'
am__untar='$${TAR-tar} xf -'
bindir='${exec_prefix}/bin'
build_alias=''
datadir='${datarootdir}'
datarootdir='${prefix}/share'
docdir='${datarootdir}/doc/${PACKAGE_TARNAME}'
dvidir='${docdir}'
exec_prefix='${prefix}'
host_alias=''
htmldir='${docdir}'
includedir='${prefix}/include'
infodir='${datarootdir}/info'
install_sh='${SHELL} /home/koehenri/bin/src/code-tulip2/install-sh'
libdir='${exec_prefix}/lib'
libexecdir='${exec_prefix}/libexec'
localedir='${datarootdir}/locale'
localstatedir='${prefix}/var'
mandir='${datarootdir}/man'
mkdir_p='$(MKDIR_P)'
oldincludedir='/usr/include'
pdfdir='${docdir}'
prefix='/home/koehenri'
program_transform_name='s,x,x,'
psdir='${docdir}'
sbindir='${exec_prefix}/sbin'
sharedstatedir='${prefix}/com'
sysconfdir='${prefix}/etc'
target_alias=''

## ----------- ##
## confdefs.h. ##
## ----------- ##

/* confdefs.h */
#define PACKAGE_NAME "tulip"
#define PACKAGE_TARNAME "tulip"
#define PACKAGE_VERSION "2"
#define PACKAGE_STRING "tulip 2"
#define PACKAGE_BUGREPORT "krister.henriksson@helsinki.fi"
#define PACKAGE_URL ""
#define PACKAGE "tulip"
#define VERSION "2"
#define HAVE_LIBM 1
#define HAVE_LIBRT 1
#define STDC_HEADERS 1
#define HAVE_SYS_TYPES_H 1
#define HAVE_SYS_STAT_H 1
#define HAVE_STDLIB_H 1
#define HAVE_STRING_H 1
#define HAVE_MEMORY_H 1
#define HAVE_STRINGS_H 1
#define HAVE_INTTYPES_H 1
#define HAVE_STDINT_H 1
#define HAVE_UNISTD_H 1
#define HAVE__BOOL 1
#define HAVE_FLOOR 1
#define HAVE_POW 1
#define HAVE_SQRT 1

configure: exit 0

## ---------------------- ##
## Running config.status. ##
## ---------------------- ##

This file was extended by tulip config.status 2, which was
generated by GNU Autoconf 2.69.  Invocation command line was

  CONFIG_FILES    = 
  CONFIG_HEADERS  = 
  CONFIG_LINKS    = 
  CONFIG_COMMANDS = 
  $ ./config.status 

on dx4-flkl-07

config.status:865: creating Makefile
config.status:865: creating src/Makefile
config.status:865: creating config.h
config.status:1046: config.h is unchanged
config.status:1094: executing depfiles commands

## ---------------------- ##
## Running config.status. ##
## ---------------------- ##

This file was extended by tulip config.status 2, which was
generated by GNU Autoconf 2.69.  Invocation command line was

  CONFIG_FILES    = 
  CONFIG_HEADERS  = 
  CONFIG_LINKS    = 
  CONFIG_COMMANDS = 
  $ ./config.status config.h

on dx4-flkl-07

config.status:865: creating config.h
config.status:1046: config.h is unchanged

## ---------------------- ##
## Running config.status. ##
## ---------------------- ##

This file was extended by tulip config.status 2, which was
generated by GNU Autoconf 2.69.  Invocation command line was

  CONFIG_FILES    = 
  CONFIG_HEADERS  = 
  CONFIG_LINKS    = 
  CONFIG_COMMANDS = 
  $ ./config.status src/Makefile depfiles

on dx4-flkl-07

config.status:865: creating src/Makefile
config.status:1094: executing depfiles commands
